0 info it worked if it ends with ok
1 verbose cli [ '/usr/bin/node', '/usr/bin/npm', 'run', 'test' ]
2 info using npm@3.10.10
3 info using node@v6.12.2
4 verbose run-script [ 'pretest', 'test', 'posttest' ]
5 info lifecycle solargraph-utils@0.5.0~pretest: solargraph-utils@0.5.0
6 silly lifecycle solargraph-utils@0.5.0~pretest: no script for pretest, continuing
7 info lifecycle solargraph-utils@0.5.0~test: solargraph-utils@0.5.0
8 verbose lifecycle solargraph-utils@0.5.0~test: unsafe-perm in lifecycle true
9 verbose lifecycle solargraph-utils@0.5.0~test: PATH: /usr/lib/node_modules/npm/bin/node-gyp-bin:/home/fred/solargraph-utils/node_modules/.bin:/home/fred/.gem/ruby/2.2.2/bin:/home/fred/.rubies/ruby-2.2.2/lib/ruby/gems/2.2.0/bin:/home/fred/.rubies/ruby-2.2.2/bin:/usr/local/heroku/bin:/usr/local/heroku/bin:/usr/local/heroku/bin:/usr/local/bin:/usr/local/sbin:/usr/bin:/usr/sbin:/bin:/sbin:/home/fred/.local/bin:/home/fred/bin:/home/fred/.local/bin:/home/fred/bin
10 verbose lifecycle solargraph-utils@0.5.0~test: CWD: /home/fred/solargraph-utils
11 silly lifecycle solargraph-utils@0.5.0~test: Args: [ '-c',
11 silly lifecycle   'npm run compile && node ./node_modules/mocha/bin/mocha --timeout 15000 -u tdd ./out/tests/*.js' ]
12 silly lifecycle solargraph-utils@0.5.0~test: Returned: code: 2  signal: null
13 info lifecycle solargraph-utils@0.5.0~test: Failed to exec test script
14 verbose stack Error: solargraph-utils@0.5.0 test: `npm run compile && node ./node_modules/mocha/bin/mocha --timeout 15000 -u tdd ./out/tests/*.js`
14 verbose stack Exit status 2
14 verbose stack     at EventEmitter.<anonymous> (/usr/lib/node_modules/npm/lib/utils/lifecycle.js:255:16)
14 verbose stack     at emitTwo (events.js:106:13)
14 verbose stack     at EventEmitter.emit (events.js:191:7)
14 verbose stack     at ChildProcess.<anonymous> (/usr/lib/node_modules/npm/lib/utils/spawn.js:40:14)
14 verbose stack     at emitTwo (events.js:106:13)
14 verbose stack     at ChildProcess.emit (events.js:191:7)
14 verbose stack     at maybeClose (internal/child_process.js:920:16)
14 verbose stack     at Process.ChildProcess._handle.onexit (internal/child_process.js:230:5)
15 verbose pkgid solargraph-utils@0.5.0
16 verbose cwd /home/fred/solargraph-utils
17 error Linux 3.10.0-693.11.6.el7.x86_64
18 error argv "/usr/bin/node" "/usr/bin/npm" "run" "test"
19 error node v6.12.2
20 error npm  v3.10.10
21 error code ELIFECYCLE
22 error solargraph-utils@0.5.0 test: `npm run compile && node ./node_modules/mocha/bin/mocha --timeout 15000 -u tdd ./out/tests/*.js`
22 error Exit status 2
23 error Failed at the solargraph-utils@0.5.0 test script 'npm run compile && node ./node_modules/mocha/bin/mocha --timeout 15000 -u tdd ./out/tests/*.js'.
23 error Make sure you have the latest version of node.js and npm installed.
23 error If you do, this is most likely a problem with the solargraph-utils package,
23 error not with npm itself.
23 error Tell the author that this fails on your system:
23 error     npm run compile && node ./node_modules/mocha/bin/mocha --timeout 15000 -u tdd ./out/tests/*.js
23 error You can get information on how to open an issue for this project with:
23 error     npm bugs solargraph-utils
23 error Or if that isn't available, you can get their info via:
23 error     npm owner ls solargraph-utils
23 error There is likely additional logging output above.
24 verbose exit [ 1, true ]
